==59446== Memcheck, a memory error detector
==59446== Copyright (C) 2002-2017, and GNU GPL'd, by Julian Seward et al.
==59446== Using Valgrind-3.15.0-608cb11914-20190413 and LibVEX; rerun with -h for copyright info
==59446== Command: ./src/my_allocator_cli
==59446== Parent PID: 52582
==59446== 
--59446-- 
--59446-- Valgrind options:
--59446--    -v
--59446--    --tool=memcheck
--59446--    --leak-check=full
--59446--    --num-callers=40
--59446--    --log-file=valgrind.log
--59446-- Contents of /proc/version:
--59446--   Linux version 5.4.0-59-generic (buildd@lcy01-amd64-028) (gcc version 9.3.0 (Ubuntu 9.3.0-17ubuntu1~20.04)) #65-Ubuntu SMP Thu Dec 10 12:01:51 UTC 2020
--59446-- 
--59446-- Arch and hwcaps: AMD64, LittleEndian, amd64-cx16-lzcnt-rdtscp-sse3-ssse3-avx-avx2-bmi-f16c-rdrand
--59446-- Page sizes: currently 4096, max supported 4096
--59446-- Valgrind library directory: /usr/lib/x86_64-linux-gnu/valgrind
--59446-- Reading syms from /home/anastasia/OTUS/OTUS/allocators/build/src/my_allocator_cli
--59446-- Reading syms from /usr/lib/x86_64-linux-gnu/ld-2.31.so
--59446--   Considering /usr/lib/x86_64-linux-gnu/ld-2.31.so ..
--59446--   .. CRC mismatch (computed 6cded93a wanted 1af57820)
--59446--   Considering /lib/x86_64-linux-gnu/ld-2.31.so ..
--59446--   .. CRC mismatch (computed 6cded93a wanted 1af57820)
--59446--   Considering /usr/lib/debug/lib/x86_64-linux-gnu/ld-2.31.so ..
--59446--   .. CRC is valid
--59446-- Reading syms from /usr/lib/x86_64-linux-gnu/valgrind/memcheck-amd64-linux
--59446--    object doesn't have a symbol table
--59446--    object doesn't have a dynamic symbol table
--59446-- Scheduler: using generic scheduler lock implementation.
--59446-- Reading suppressions file: /usr/lib/x86_64-linux-gnu/valgrind/default.supp
==59446== embedded gdbserver: reading from /tmp/vgdb-pipe-from-vgdb-to-59446-by-anastasia-on-???
==59446== embedded gdbserver: writing to   /tmp/vgdb-pipe-to-vgdb-from-59446-by-anastasia-on-???
==59446== embedded gdbserver: shared mem   /tmp/vgdb-pipe-shared-mem-vgdb-59446-by-anastasia-on-???
==59446== 
==59446== TO CONTROL THIS PROCESS USING vgdb (which you probably
==59446== don't want to do, unless you know exactly what you're doing,
==59446== or are doing some strange experiment):
==59446==   /usr/lib/x86_64-linux-gnu/valgrind/../../bin/vgdb --pid=59446 ...command...
==59446== 
==59446== TO DEBUG THIS PROCESS USING GDB: start GDB like this
==59446==   /path/to/gdb ./src/my_allocator_cli
==59446== and then give GDB the following command
==59446==   target remote | /usr/lib/x86_64-linux-gnu/valgrind/../../bin/vgdb --pid=59446
==59446== --pid is optional if only one valgrind process is running
==59446== 
--59446-- REDIR: 0x4022d80 (ld-linux-x86-64.so.2:strlen) redirected to 0x580c9ce2 (???)
--59446-- REDIR: 0x4022b50 (ld-linux-x86-64.so.2:index) redirected to 0x580c9cfc (???)
--59446-- Reading syms from /usr/lib/x86_64-linux-gnu/valgrind/vgpreload_core-amd64-linux.so
--59446--    object doesn't have a symbol table
--59446-- Reading syms from /usr/lib/x86_64-linux-gnu/valgrind/vgpreload_memcheck-amd64-linux.so
--59446--    object doesn't have a symbol table
==59446== WARNING: new redirection conflicts with existing -- ignoring it
--59446--     old: 0x04022d80 (strlen              ) R-> (0000.0) 0x580c9ce2 ???
--59446--     new: 0x04022d80 (strlen              ) R-> (2007.0) 0x0483f060 strlen
--59446-- REDIR: 0x401f560 (ld-linux-x86-64.so.2:strcmp) redirected to 0x483ffd0 (strcmp)
--59446-- REDIR: 0x40232e0 (ld-linux-x86-64.so.2:mempcpy) redirected to 0x4843a20 (mempcpy)
--59446-- Reading syms from /usr/lib/x86_64-linux-gnu/libstdc++.so.6.0.28
--59446--    object doesn't have a symbol table
--59446-- Reading syms from /usr/lib/x86_64-linux-gnu/libgcc_s.so.1
--59446--    object doesn't have a symbol table
--59446-- Reading syms from /usr/lib/x86_64-linux-gnu/libc-2.31.so
--59446--   Considering /usr/lib/x86_64-linux-gnu/libc-2.31.so ..
--59446--   .. CRC mismatch (computed cd1655d1 wanted 09373696)
--59446--   Considering /lib/x86_64-linux-gnu/libc-2.31.so ..
--59446--   .. CRC mismatch (computed cd1655d1 wanted 09373696)
--59446--   Considering /usr/lib/debug/lib/x86_64-linux-gnu/libc-2.31.so ..
--59446--   .. CRC is valid
--59446-- Reading syms from /usr/lib/x86_64-linux-gnu/libm-2.31.so
--59446--   Considering /usr/lib/x86_64-linux-gnu/libm-2.31.so ..
--59446--   .. CRC mismatch (computed b88da5c9 wanted 1658d783)
--59446--   Considering /lib/x86_64-linux-gnu/libm-2.31.so ..
--59446--   .. CRC mismatch (computed b88da5c9 wanted 1658d783)
--59446--   Considering /usr/lib/debug/lib/x86_64-linux-gnu/libm-2.31.so ..
--59446--   .. CRC is valid
--59446-- REDIR: 0x4afe600 (libc.so.6:memmove) redirected to 0x48311d0 (_vgnU_ifunc_wrapper)
--59446-- REDIR: 0x4afd900 (libc.so.6:strncpy) redirected to 0x48311d0 (_vgnU_ifunc_wrapper)
--59446-- REDIR: 0x4afe930 (libc.so.6:strcasecmp) redirected to 0x48311d0 (_vgnU_ifunc_wrapper)
--59446-- REDIR: 0x4afd220 (libc.so.6:strcat) redirected to 0x48311d0 (_vgnU_ifunc_wrapper)
--59446-- REDIR: 0x4afd960 (libc.so.6:rindex) redirected to 0x48311d0 (_vgnU_ifunc_wrapper)
--59446-- REDIR: 0x4affdd0 (libc.so.6:rawmemchr) redirected to 0x48311d0 (_vgnU_ifunc_wrapper)
--59446-- REDIR: 0x4b1ae60 (libc.so.6:wmemchr) redirected to 0x48311d0 (_vgnU_ifunc_wrapper)
--59446-- REDIR: 0x4b1a9a0 (libc.so.6:wcscmp) redirected to 0x48311d0 (_vgnU_ifunc_wrapper)
--59446-- REDIR: 0x4afe760 (libc.so.6:mempcpy) redirected to 0x48311d0 (_vgnU_ifunc_wrapper)
--59446-- REDIR: 0x4afe590 (libc.so.6:bcmp) redirected to 0x48311d0 (_vgnU_ifunc_wrapper)
--59446-- REDIR: 0x4afd890 (libc.so.6:strncmp) redirected to 0x48311d0 (_vgnU_ifunc_wrapper)
--59446-- REDIR: 0x4afd2d0 (libc.so.6:strcmp) redirected to 0x48311d0 (_vgnU_ifunc_wrapper)
--59446-- REDIR: 0x4afe6c0 (libc.so.6:memset) redirected to 0x48311d0 (_vgnU_ifunc_wrapper)
--59446-- REDIR: 0x4b1a960 (libc.so.6:wcschr) redirected to 0x48311d0 (_vgnU_ifunc_wrapper)
--59446-- REDIR: 0x4afd7f0 (libc.so.6:strnlen) redirected to 0x48311d0 (_vgnU_ifunc_wrapper)
--59446-- REDIR: 0x4afd3b0 (libc.so.6:strcspn) redirected to 0x48311d0 (_vgnU_ifunc_wrapper)
--59446-- REDIR: 0x4afe980 (libc.so.6:strncasecmp) redirected to 0x48311d0 (_vgnU_ifunc_wrapper)
--59446-- REDIR: 0x4afd350 (libc.so.6:strcpy) redirected to 0x48311d0 (_vgnU_ifunc_wrapper)
--59446-- REDIR: 0x4afead0 (libc.so.6:memcpy@@GLIBC_2.14) redirected to 0x48311d0 (_vgnU_ifunc_wrapper)
--59446-- REDIR: 0x4b1c0d0 (libc.so.6:wcsnlen) redirected to 0x48311d0 (_vgnU_ifunc_wrapper)
--59446-- REDIR: 0x4b1a9e0 (libc.so.6:wcscpy) redirected to 0x48311d0 (_vgnU_ifunc_wrapper)
--59446-- REDIR: 0x4afd9a0 (libc.so.6:strpbrk) redirected to 0x48311d0 (_vgnU_ifunc_wrapper)
--59446-- REDIR: 0x4afd280 (libc.so.6:index) redirected to 0x48311d0 (_vgnU_ifunc_wrapper)
--59446-- REDIR: 0x4afd7b0 (libc.so.6:strlen) redirected to 0x48311d0 (_vgnU_ifunc_wrapper)
--59446-- REDIR: 0x4b06d20 (libc.so.6:memrchr) redirected to 0x48311d0 (_vgnU_ifunc_wrapper)
--59446-- REDIR: 0x4afe9d0 (libc.so.6:strcasecmp_l) redirected to 0x48311d0 (_vgnU_ifunc_wrapper)
--59446-- REDIR: 0x4afe550 (libc.so.6:memchr) redirected to 0x48311d0 (_vgnU_ifunc_wrapper)
--59446-- REDIR: 0x4b1aab0 (libc.so.6:wcslen) redirected to 0x48311d0 (_vgnU_ifunc_wrapper)
--59446-- REDIR: 0x4afdc60 (libc.so.6:strspn) redirected to 0x48311d0 (_vgnU_ifunc_wrapper)
--59446-- REDIR: 0x4afe8d0 (libc.so.6:stpncpy) redirected to 0x48311d0 (_vgnU_ifunc_wrapper)
--59446-- REDIR: 0x4afe870 (libc.so.6:stpcpy) redirected to 0x48311d0 (_vgnU_ifunc_wrapper)
--59446-- REDIR: 0x4affe10 (libc.so.6:strchrnul) redirected to 0x48311d0 (_vgnU_ifunc_wrapper)
--59446-- REDIR: 0x4afea20 (libc.so.6:strncasecmp_l) redirected to 0x48311d0 (_vgnU_ifunc_wrapper)
--59446-- REDIR: 0x4be6490 (libc.so.6:__strrchr_avx2) redirected to 0x483ea10 (rindex)
--59446-- REDIR: 0x4af8260 (libc.so.6:malloc) redirected to 0x483b780 (malloc)
--59446-- REDIR: 0x4be6660 (libc.so.6:__strlen_avx2) redirected to 0x483ef40 (strlen)
--59446-- REDIR: 0x4be2c50 (libc.so.6:__memcmp_avx2_movbe) redirected to 0x48421e0 (bcmp)
--59446-- REDIR: 0x4be1b60 (libc.so.6:__strcmp_avx2) redirected to 0x483fed0 (strcmp)
--59446-- REDIR: 0x4909c10 (libstdc++.so.6:operator new(unsigned long)) redirected to 0x483bdf0 (operator new(unsigned long))
--59446-- REDIR: 0x4be9650 (libc.so.6:__mempcpy_avx_unaligned_erms) redirected to 0x4843660 (mempcpy)
--59446-- REDIR: 0x4907e60 (libstdc++.so.6:operator delete(void*)) redirected to 0x483cf50 (operator delete(void*))
--59446-- REDIR: 0x4af8850 (libc.so.6:free) redirected to 0x483c9d0 (free)
==59446== 
==59446== HEAP SUMMARY:
==59446==     in use at exit: 0 bytes in 0 blocks
==59446==   total heap usage: 24 allocs, 24 frees, 74,608 bytes allocated
==59446== 
==59446== All heap blocks were freed -- no leaks are possible
==59446== 
==59446== ERROR SUMMARY: 0 errors from 0 contexts (suppressed: 0 from 0)
